Arguments: 
  C:\Program Files\nodejs\node.exe C:\Users\86152\AppData\Roaming\npm\node_modules\yarn\bin\yarn.js --registry=[2K[1Ghttps://registry.npm.taobao.org

PATH: 
  D:\MyProject\untitled\node_modules\.bin;D:\MyProject\node_modules\.bin;D:\node_modules\.bin;C:\Program Files\nodejs;C:\Users\86152\AppData\Roaming\npm-cache\_npx\22564;C:\Program Files\nodejs;C:\ProgramData\Oracle\Java\javapath;C:\Windows\system32;C:\Windows;C:\Windows\System32\Wbem;C:\Windows\System32\WindowsPowerShell\v1.0\;C:\Windows\System32\OpenSSH\;C:\Program Files (x86)\Intel\Intel(R) Management Engine Components\DAL;C:\Program Files\Intel\Intel(R) Management Engine Components\DAL;C:\Program Files\Intel\WiFi\bin\;C:\Program Files\Common Files\Intel\WirelessCommon\;C:\Program Files (x86)\NVIDIA Corporation\PhysX\Common;C:\Program Files\Git\cmd;C:\Program Files\nodejs\;C:\Users\86152\AppData\Local\Android\Sdk\platform-tools;C:\Users\86152\AppData\Local\Android\Sdk\tools;C:\Users\86152\AppData\Local\Microsoft\WindowsApps;C:\Program Files\JetBrains\IntelliJ IDEA 2019.1.3\bin;;C:\Users\86152\AppData\Roaming\npm;D:\Microsoft VS Code Insiders\bin;"C:\Users\86152\AppData\Local\Android\Sdk\platform-tools;C:\Users\86152\AppData\Local\Android\Sdk\tools";

Yarn version: 
  1.17.3

Node version: 
  10.16.0

Platform: 
  win32 x64

Trace: 
  Error: [2K[1Ghttps://registry.npm.taobao.org/@vue%2fcli-plugin-babel: Invalid URI "[2K[1Ghttps://registry.npm.taobao.org/@vue%2fcli-plugin-babel"
      at Request.module.exports.Request.init (C:\Users\86152\AppData\Roaming\npm\node_modules\yarn\lib\cli.js:140552:31)
      at new Request (C:\Users\86152\AppData\Roaming\npm\node_modules\yarn\lib\cli.js:140406:8)
      at request (C:\Users\86152\AppData\Roaming\npm\node_modules\yarn\lib\cli.js:137312:10)
      at RequestManager.execute (C:\Users\86152\AppData\Roaming\npm\node_modules\yarn\lib\cli.js:66882:15)
      at RequestManager.shiftQueue (C:\Users\86152\AppData\Roaming\npm\node_modules\yarn\lib\cli.js:66920:10)
      at C:\Users\86152\AppData\Roaming\npm\node_modules\yarn\lib\cli.js:66599:13
      at new Promise (<anonymous>)
      at new F (C:\Users\86152\AppData\Roaming\npm\node_modules\yarn\lib\cli.js:5296:28)
      at RequestManager.request (C:\Users\86152\AppData\Roaming\npm\node_modules\yarn\lib\cli.js:66597:19)
      at NpmRegistry.<anonymous> (C:\Users\86152\AppData\Roaming\npm\node_modules\yarn\lib\cli.js:31694:42)

npm manifest: 
  {
    "name": "untitled",
    "version": "0.1.0",
    "private": true,
    "devDependencies": {
      "@vue/cli-plugin-babel": "^4.1.0",
      "@vue/cli-plugin-eslint": "^4.1.0",
      "@vue/cli-service": "^4.1.0"
    }
  }

yarn manifest: 
  No manifest

Lockfile: 
  No lockfile
